2025-02-18 21:42:16,386 Validating query:
2025-02-18 21:42:16,386 Fixed attribute "state": alASka -> Alaska
2025-02-18 21:42:37,167 Validating query: {'ortext': [], 'andtext': [], 'phrasetext': '', 'protext': ['term', 'term'], 'proxdistance': 0, 'state': 'alASka', 'lccn': '', 'dateFilterType': '', 'date1': '', 'date2': '', 'sequence': '', 'language': ''}
2025-02-18 21:42:37,168 Fixed attribute "state": alASka -> Alaska
2025-02-18 21:42:56,410 Validating query: {'ortext': [], 'andtext': [], 'phrasetext': '', 'protext': ['term', 'term'], 'proxdistance': 0, 'state': 'alASka', 'lccn': 'a12', 'dateFilterType': '', 'date1': '', 'date2': '', 'sequence': '', 'language': ''}
2025-02-18 21:42:56,410 Fixed attribute "state": alASka -> Alaska
2025-02-18 21:43:26,453 Validating query: {'ortext': [], 'andtext': [], 'phrasetext': '', 'protext': ['term', 'term'], 'proxdistance': 0, 'state': 'alASka', 'lccn': 'a12', 'dateFilterType': '', 'date1': '', 'date2': '', 'sequence': '', 'language': ''}
2025-02-18 21:43:26,454 Fixed attribute "state": alASka -> Alaska
2025-02-18 21:46:05,880 Validating query: {'ortext': [], 'andtext': [], 'phrasetext': '', 'protext': ['term', 'term'], 'proxdistance': 0, 'state': 'alASka', 'lccn': 'a12', 'dateFilterType': '', 'date1': '', 'date2': '', 'sequence': '', 'language': ''}
2025-02-18 21:46:05,880 Fixed attribute "state": alASka -> Alaska
2025-02-18 21:46:08,315 Validating query: {'ortext': [], 'andtext': [], 'phrasetext': '', 'protext': ['term', 'term'], 'proxdistance': 0, 'state': 'alASka', 'lccn': '12', 'dateFilterType': '', 'date1': '', 'date2': '', 'sequence': '', 'language': ''}
2025-02-18 21:46:08,315 Fixed attribute "state": alASka -> Alaska
2025-02-18 21:46:10,197 Validating query: {'ortext': [], 'andtext': [], 'phrasetext': '', 'protext': ['term', 'term'], 'proxdistance': 0, 'state': 'alASka', 'lccn': '12-', 'dateFilterType': '', 'date1': '', 'date2': '', 'sequence': '', 'language': ''}
2025-02-18 21:46:10,197 Fixed attribute "state": alASka -> Alaska
2025-02-18 21:46:10,197 Fixed attribute "lccn": 12- -> 12
2025-02-18 21:46:55,013 Validating query: {'ortext': [], 'andtext': [], 'phrasetext': '', 'protext': ['term', 'term'], 'proxdistance': 0, 'state': 'alASka', 'lccn': '12-', 'dateFilterType': 'a', 'date1': '', 'date2': '', 'sequence': '', 'language': ''}
2025-02-18 21:46:55,013 Fixed attribute "state": "alASka" -> "Alaska"
2025-02-18 21:46:55,013 Fixed attribute "lccn": "12-" -> "12"
2025-02-18 21:47:00,544 Validating query: {'ortext': [], 'andtext': [], 'phrasetext': '', 'protext': ['term', 'term'], 'proxdistance': 0, 'state': 'alASka', 'lccn': '12-', 'dateFilterType': 'range', 'date1': '', 'date2': '', 'sequence': '', 'language': ''}
2025-02-18 21:47:00,545 Fixed attribute "state": "alASka" -> "Alaska"
2025-02-18 21:47:00,545 Fixed attribute "lccn": "12-" -> "12"
2025-02-18 21:47:17,837 Validating query: {'ortext': [], 'andtext': [], 'phrasetext': '', 'protext': ['term', 'term'], 'proxdistance': 0, 'state': 'alASka', 'lccn': '12-', 'dateFilterType': 'range', 'date1': '', 'date2': '', 'sequence': '', 'language': ''}
2025-02-18 21:47:17,837 Fixed attribute "state": "alASka" -> "Alaska"
2025-02-18 21:47:17,837 Fixed attribute "lccn": "12-" -> "12"
2025-02-18 21:47:17,837 Validation success.
2025-02-18 21:47:36,325 Validating query: {'ortext': [], 'andtext': [], 'phrasetext': '', 'protext': ['term', 'term'], 'proxdistance': 0, 'state': 'alASka', 'lccn': '12-', 'dateFilterType': 'range', 'date1': '', 'date2': '', 'sequence': '', 'language': ''}
2025-02-18 21:47:36,325 	Fixed attribute "state": "alASka" -> "Alaska"
2025-02-18 21:47:36,325 	Fixed attribute "lccn": "12-" -> "12"
2025-02-18 21:47:36,325 Validation success.
2025-02-18 22:09:11,053 Validating query: {'ortext': [], 'andtext': [], 'phrasetext': '', 'protext': ['term', 'term'], 'proxdistance': 0, 'state': 'alASka', 'lccn': '12-', 'dateFilterType': 'range', 'date1': 'asf', 'date2': '', 'sequence': '', 'language': ''}
2025-02-18 22:09:11,053 	Fixed attribute "state": "alASka" -> "Alaska"
2025-02-18 22:09:11,053 	Fixed attribute "lccn": "12-" -> "12"
2025-02-18 22:09:24,989 Validating query: {'ortext': [], 'andtext': [], 'phrasetext': '', 'protext': ['term', 'term'], 'proxdistance': 0, 'state': 'alASka', 'lccn': '12-', 'dateFilterType': 'range', 'date1': '12/99/2001', 'date2': '', 'sequence': '', 'language': ''}
2025-02-18 22:09:24,990 	Fixed attribute "state": "alASka" -> "Alaska"
2025-02-18 22:09:24,990 	Fixed attribute "lccn": "12-" -> "12"
2025-02-18 22:14:15,867 Validating query: {'ortext': [], 'andtext': [], 'phrasetext': '', 'protext': ['term', 'term'], 'proxdistance': 0, 'state': 'alASka', 'lccn': '12-', 'dateFilterType': 'range', 'date1': '12/1/2041', 'date2': '', 'sequence': '', 'language': ''}
2025-02-18 22:14:15,867 	Fixed attribute "state": "alASka" -> "Alaska"
2025-02-18 22:14:15,868 	Fixed attribute "lccn": "12-" -> "12"
2025-02-18 22:20:05,178 Validating query: {'ortext': [], 'andtext': [], 'phrasetext': '', 'protext': ['term', 'term'], 'proxdistance': 0, 'state': 'alASka', 'lccn': '12-', 'dateFilterType': 'range', 'date1': '12/01/2041', 'date2': '', 'sequence': '', 'language': ''}
2025-02-18 22:20:05,178 	Fixed attribute "state": "alASka" -> "Alaska"
2025-02-18 22:20:05,178 	Fixed attribute "lccn": "12-" -> "12"
2025-02-18 22:20:19,538 Validating query: {'ortext': [], 'andtext': [], 'phrasetext': '', 'protext': ['term', 'term'], 'proxdistance': 0, 'state': 'alASka', 'lccn': '12-', 'dateFilterType': 'range', 'date1': '12/01/2041', 'date2': '', 'sequence': '', 'language': ''}
2025-02-18 22:20:19,538 	Fixed attribute "state": "alASka" -> "Alaska"
2025-02-18 22:20:19,538 	Fixed attribute "lccn": "12-" -> "12"
2025-02-18 22:20:19,539 date provided for attribute "date1" is in the future
2025-02-18 22:20:40,201 Validating query: {'ortext': [], 'andtext': [], 'phrasetext': '', 'protext': ['term', 'term'], 'proxdistance': 0, 'state': 'alASka', 'lccn': '12-', 'dateFilterType': 'range', 'date1': '12/01/2041', 'date2': '', 'sequence': '', 'language': ''}
2025-02-18 22:20:40,201 	Fixed attribute "state": "alASka" -> "Alaska"
2025-02-18 22:20:40,201 	Fixed attribute "lccn": "12-" -> "12"
2025-02-18 22:20:40,201 date provided for attribute "date1" is in the future
2025-02-18 22:20:40,201 Validation success.
2025-02-18 22:21:01,089 Validating query: {'ortext': [], 'andtext': [], 'phrasetext': '', 'protext': ['term', 'term'], 'proxdistance': 0, 'state': 'alASka', 'lccn': '12-', 'dateFilterType': 'range', 'date1': '12/01/2041', 'date2': '', 'sequence': '', 'language': ''}
2025-02-18 22:21:01,089 	Fixed attribute "state": "alASka" -> "Alaska"
2025-02-18 22:21:01,089 	Fixed attribute "lccn": "12-" -> "12"
2025-02-18 22:21:01,090 	WARNING: date provided for attribute "date1" is in the future
2025-02-18 22:21:01,090 Validation success.
2025-02-18 22:21:41,535 Validating query: {'ortext': [], 'andtext': [], 'phrasetext': '', 'protext': ['term', 'term'], 'proxdistance': 0, 'state': 'alASka', 'lccn': '12-', 'dateFilterType': 'range', 'date1': '2041', 'date2': '', 'sequence': '', 'language': ''}
2025-02-18 22:21:41,535 	Fixed attribute "state": "alASka" -> "Alaska"
2025-02-18 22:21:41,536 	Fixed attribute "lccn": "12-" -> "12"
2025-02-18 22:22:16,395 Validating query: {'ortext': [], 'andtext': [], 'phrasetext': '', 'protext': ['term', 'term'], 'proxdistance': 0, 'state': 'alASka', 'lccn': '12-', 'dateFilterType': 'range', 'date1': '2041', 'date2': '', 'sequence': '', 'language': ''}
2025-02-18 22:22:16,395 	Fixed attribute "state": "alASka" -> "Alaska"
2025-02-18 22:22:16,395 	Fixed attribute "lccn": "12-" -> "12"
2025-02-18 22:22:59,232 Validating query: {'ortext': [], 'andtext': [], 'phrasetext': '', 'protext': ['term', 'term'], 'proxdistance': 0, 'state': 'alASka', 'lccn': '12-', 'dateFilterType': 'range', 'date1': '2041', 'date2': '', 'sequence': '', 'language': ''}
2025-02-18 22:22:59,232 	Fixed attribute "state": "alASka" -> "Alaska"
2025-02-18 22:22:59,232 	Fixed attribute "lccn": "12-" -> "12"
2025-02-18 22:23:14,480 Validating query: {'ortext': [], 'andtext': [], 'phrasetext': '', 'protext': ['term', 'term'], 'proxdistance': 0, 'state': 'alASka', 'lccn': '12-', 'dateFilterType': 'yearRange', 'date1': '2041', 'date2': '', 'sequence': '', 'language': ''}
2025-02-18 22:23:14,480 	Fixed attribute "state": "alASka" -> "Alaska"
2025-02-18 22:23:14,481 	Fixed attribute "lccn": "12-" -> "12"
2025-02-18 22:24:03,231 Validating query: {'ortext': [], 'andtext': [], 'phrasetext': '', 'protext': ['term', 'term'], 'proxdistance': 0, 'state': 'alASka', 'lccn': '12-', 'dateFilterType': 'yearRange', 'date1': '2041', 'date2': '', 'sequence': '', 'language': ''}
2025-02-18 22:24:03,231 	Fixed attribute "state": "alASka" -> "Alaska"
2025-02-18 22:24:03,231 	Fixed attribute "lccn": "12-" -> "12"
2025-02-18 22:24:03,232 date provided for attribute "date1" is in the future
2025-02-18 22:24:03,232 Validation success.
2025-02-18 22:26:57,788 Validating query: {'ortext': [], 'andtext': [], 'phrasetext': '', 'protext': ['term', 'term'], 'proxdistance': 0, 'state': 'alASka', 'lccn': '12-', 'dateFilterType': 'yearRange', 'date1': '2041', 'date2': '', 'sequence': '', 'language': ''}
2025-02-18 22:26:57,789 	Fixed attribute "state": "alASka" -> "Alaska"
2025-02-18 22:26:57,789 	Fixed attribute "lccn": "12-" -> "12"
2025-02-18 22:26:57,789 	WARNING: date provided for attribute "date1" is in the future
2025-02-18 22:26:57,789 Validation success.
2025-02-18 22:27:30,705 Validating query: {'ortext': [], 'andtext': [], 'phrasetext': '', 'protext': ['term', 'term'], 'proxdistance': 0, 'state': 'alASka', 'lccn': '12-', 'dateFilterType': 'yearRange', 'date1': '20414', 'date2': '', 'sequence': '', 'language': ''}
2025-02-18 22:27:30,705 	Fixed attribute "state": "alASka" -> "Alaska"
2025-02-18 22:27:30,705 	Fixed attribute "lccn": "12-" -> "12"
2025-02-18 22:27:43,788 Validating query: {'ortext': [], 'andtext': [], 'phrasetext': '', 'protext': ['term', 'term'], 'proxdistance': 0, 'state': 'alASka', 'lccn': '12-', 'dateFilterType': 'yearRange', 'date1': 'a234', 'date2': '', 'sequence': '', 'language': ''}
2025-02-18 22:27:43,788 	Fixed attribute "state": "alASka" -> "Alaska"
2025-02-18 22:27:43,788 	Fixed attribute "lccn": "12-" -> "12"
2025-02-18 22:28:19,791 Validating query: {'ortext': [], 'andtext': [], 'phrasetext': '', 'protext': ['term', 'term'], 'proxdistance': 0, 'state': 'alASka', 'lccn': '12-', 'dateFilterType': '', 'date1': 'a234', 'date2': '', 'sequence': '', 'language': ''}
2025-02-18 22:28:19,791 	Fixed attribute "state": "alASka" -> "Alaska"
2025-02-18 22:28:19,791 	Fixed attribute "lccn": "12-" -> "12"
2025-02-18 22:28:19,791 dateFilterType not specified; value provided for attribute "date1" will be ignored
2025-02-18 22:28:19,791 Validation success.
2025-02-18 22:28:32,465 Validating query: {'ortext': [], 'andtext': [], 'phrasetext': '', 'protext': ['term', 'term'], 'proxdistance': 0, 'state': 'alASka', 'lccn': '12-', 'dateFilterType': '', 'date1': 'a234', 'date2': '', 'sequence': '', 'language': ''}
2025-02-18 22:28:32,465 	Fixed attribute "state": "alASka" -> "Alaska"
2025-02-18 22:28:32,465 	Fixed attribute "lccn": "12-" -> "12"
2025-02-18 22:28:32,465 	WARNING: dateFilterType not specified; value provided for attribute "date1" will be ignored
2025-02-18 22:28:32,465 Validation success.
2025-02-18 22:29:38,340 Validating query: {'ortext': [], 'andtext': [], 'phrasetext': '', 'protext': ['term', 'term'], 'proxdistance': 0, 'state': 'alASka', 'lccn': '12-', 'dateFilterType': '', 'date1': 'a234', 'date2': '', 'sequence': -1, 'language': ''}
2025-02-18 22:29:38,340 	Fixed attribute "state": "alASka" -> "Alaska"
2025-02-18 22:29:38,340 	Fixed attribute "lccn": "12-" -> "12"
2025-02-18 22:29:38,340 	WARNING: dateFilterType not specified; value provided for attribute "date1" will be ignored
2025-02-18 22:29:47,882 Validating query: {'ortext': [], 'andtext': [], 'phrasetext': '', 'protext': ['term', 'term'], 'proxdistance': 0, 'state': 'alASka', 'lccn': '12-', 'dateFilterType': '', 'date1': 'a234', 'date2': '', 'sequence': -1, 'language': ''}
2025-02-18 22:29:47,882 	Fixed attribute "state": "alASka" -> "Alaska"
2025-02-18 22:29:47,883 	Fixed attribute "lccn": "12-" -> "12"
2025-02-18 22:29:47,883 	WARNING: dateFilterType not specified; value provided for attribute "date1" will be ignored
2025-02-18 22:31:53,287 Validating query: {'ortext': [], 'andtext': [], 'phrasetext': '', 'protext': ['term', 'term'], 'proxdistance': 0, 'state': 'alASka', 'lccn': '12-', 'dateFilterType': '', 'date1': 'a234', 'date2': '', 'sequence': -1, 'language': ''}
2025-02-18 22:31:53,287 	Fixed attribute "state": "alASka" -> "Alaska"
2025-02-18 22:31:53,287 	Fixed attribute "lccn": "12-" -> "12"
2025-02-18 22:31:53,287 	WARNING: dateFilterType not specified; value provided for attribute "date1" will be ignored
2025-02-18 22:31:54,999 Validating query: {'ortext': [], 'andtext': [], 'phrasetext': '', 'protext': ['term', 'term'], 'proxdistance': 0, 'state': 'alASka', 'lccn': '12-', 'dateFilterType': '', 'date1': 'a234', 'date2': '', 'sequence': 0, 'language': ''}
2025-02-18 22:31:54,999 	Fixed attribute "state": "alASka" -> "Alaska"
2025-02-18 22:31:55,000 	Fixed attribute "lccn": "12-" -> "12"
2025-02-18 22:31:55,000 	WARNING: dateFilterType not specified; value provided for attribute "date1" will be ignored
2025-02-18 22:31:55,000 Validation success.
2025-02-18 22:31:58,091 Validating query: {'ortext': [], 'andtext': [], 'phrasetext': '', 'protext': ['term', 'term'], 'proxdistance': 0, 'state': 'alASka', 'lccn': '12-', 'dateFilterType': '', 'date1': 'a234', 'date2': '', 'sequence': 1, 'language': ''}
2025-02-18 22:31:58,091 	Fixed attribute "state": "alASka" -> "Alaska"
2025-02-18 22:31:58,092 	Fixed attribute "lccn": "12-" -> "12"
2025-02-18 22:31:58,092 	WARNING: dateFilterType not specified; value provided for attribute "date1" will be ignored
2025-02-18 22:31:58,092 Validation success.
2025-02-18 22:43:03,380 Validating query: {'ortext': [], 'andtext': [], 'phrasetext': '', 'protext': ['term', 'term'], 'proxdistance': 0, 'state': 'alASka', 'lccn': '12-', 'dateFilterType': '', 'date1': 'a234', 'date2': '', 'sequence': 1, 'language': ''}
2025-02-18 22:43:03,381 	Fixed attribute "state": "alASka" -> "Alaska"
2025-02-18 22:43:03,381 	Fixed attribute "lccn": "12-" -> "12"
2025-02-18 22:43:49,157 Validating query: {'ortext': [], 'andtext': [], 'phrasetext': '', 'protext': ['term', 'term'], 'proxdistance': 0, 'state': 'alASka', 'lccn': '12-', 'dateFilterType': '', 'date1': 'a234', 'date2': None, 'sequence': 1, 'language': ''}
2025-02-18 22:43:49,157 	Fixed attribute "state": "alASka" -> "Alaska"
2025-02-18 22:43:49,158 	Fixed attribute "lccn": "12-" -> "12"
2025-02-18 22:43:51,250 Validating query: {'ortext': [], 'andtext': [], 'phrasetext': '', 'protext': ['term', 'term'], 'proxdistance': 0, 'state': 'alASka', 'lccn': '12-', 'dateFilterType': '', 'date1': 'a234', 'date2': None, 'sequence': 1, 'language': ''}
2025-02-18 22:43:51,251 	Fixed attribute "state": "alASka" -> "Alaska"
2025-02-18 22:43:51,251 	Fixed attribute "lccn": "12-" -> "12"
2025-02-18 22:44:50,310 Validating query: {'ortext': [], 'andtext': [], 'phrasetext': '', 'protext': ['term', 'term'], 'proxdistance': 0, 'state': 'alASka', 'lccn': '12-', 'dateFilterType': '', 'date1': datetime.datetime(1900, 1, 1, 0, 0), 'date2': None, 'sequence': 1, 'language': ''}
2025-02-18 22:44:50,310 	Fixed attribute "state": "alASka" -> "Alaska"
2025-02-18 22:44:50,311 	Fixed attribute "lccn": "12-" -> "12"
2025-02-18 22:44:50,311 Validation success.
2025-02-18 22:49:05,814 Validating query: {'ortext': [], 'andtext': [], 'phrasetext': '', 'protext': ['term', 'term'], 'proxdistance': 0, 'state': 'alASka', 'lccn': '12-', 'dateFilterType': '', 'date1': datetime.date(1900, 1, 1), 'date2': None, 'sequence': 1, 'language': ''}
2025-02-18 22:49:05,814 	Fixed attribute "state": "alASka" -> "Alaska"
2025-02-18 22:49:05,815 	Fixed attribute "lccn": "12-" -> "12"
2025-02-18 22:49:35,539 Validating query: {'ortext': [], 'andtext': [], 'phrasetext': '', 'protext': ['term', 'term'], 'proxdistance': 0, 'state': 'alASka', 'lccn': '12-', 'dateFilterType': '', 'date1': datetime.date(1900, 1, 1), 'date2': None, 'sequence': 1, 'language': ''}
2025-02-18 22:49:35,540 	Fixed attribute "state": "alASka" -> "Alaska"
2025-02-18 22:49:35,540 	Fixed attribute "lccn": "12-" -> "12"
2025-02-18 22:49:37,092 Validating query: {'ortext': [], 'andtext': [], 'phrasetext': '', 'protext': ['term', 'term'], 'proxdistance': 0, 'state': 'alASka', 'lccn': '12-', 'dateFilterType': '', 'date1': datetime.date(1900, 1, 1), 'date2': None, 'sequence': 1, 'language': ''}
2025-02-18 22:49:37,092 	Fixed attribute "state": "alASka" -> "Alaska"
2025-02-18 22:49:37,092 	Fixed attribute "lccn": "12-" -> "12"
2025-02-18 22:49:43,763 Validating query: {'ortext': [], 'andtext': [], 'phrasetext': '', 'protext': ['term', 'term'], 'proxdistance': 0, 'state': 'alASka', 'lccn': '12-', 'dateFilterType': '', 'date1': datetime.date(1900, 1, 1), 'date2': None, 'sequence': 1, 'language': ''}
2025-02-18 22:49:43,763 	Fixed attribute "state": "alASka" -> "Alaska"
2025-02-18 22:49:43,764 	Fixed attribute "lccn": "12-" -> "12"
2025-02-18 22:49:43,764 Validation success.
2025-02-18 22:50:03,605 Validating query: {'ortext': [], 'andtext': [], 'phrasetext': '', 'protext': ['term', 'term'], 'proxdistance': 0, 'state': 'alASka', 'lccn': '', 'dateFilterType': '', 'date1': datetime.date(1900, 1, 1), 'date2': datetime.date(1901, 1, 1), 'sequence': 1, 'language': ''}
2025-02-18 22:50:03,605 	Fixed attribute "state": "alASka" -> "Alaska"
2025-02-18 22:50:52,276 Validating query: {'ortext': [], 'andtext': [], 'phrasetext': '', 'protext': ['term', 'term'], 'proxdistance': 0, 'state': 'alASka', 'lccn': '', 'dateFilterType': '', 'date1': datetime.date(1900, 1, 1), 'date2': datetime.date(1901, 1, 1), 'sequence': 1, 'language': ''}
2025-02-18 22:50:52,276 	Fixed attribute "state": "alASka" -> "Alaska"
2025-02-18 22:50:52,276 Validation success.
2025-02-18 22:51:31,546 Validating query: {'ortext': [], 'andtext': [], 'phrasetext': '', 'protext': ['term', 'term'], 'proxdistance': 0, 'state': 'alASka', 'lccn': '---', 'dateFilterType': '', 'date1': datetime.date(1900, 1, 1), 'date2': datetime.date(1901, 1, 1), 'sequence': 1, 'language': ''}
2025-02-18 22:51:31,546 	Fixed attribute "state": "alASka" -> "Alaska"
2025-02-18 22:51:31,546 	Fixed attribute "lccn": "---" -> ""
2025-02-18 22:51:31,546 Validation success.
2025-02-18 23:10:33,862 Validating query: {'ortext': ['or', 'text'], 'andtext': ['and', 'text'], 'phrasetext': 'phrase text', 'protext': ['pro', 'text'], 'proxdistance': 5, 'state': 'Alaska', 'lccn': 'sn93052786', 'dateFilterType': 'range', 'date1': datetime.date(1756, 1, 2), 'date2': datetime.date(1963, 12, 1), 'sequence': 2, 'language': 'eng'}
2025-02-18 23:10:33,862 	Fixed attribute "lccn": "sn93052786" -> "93052786"
2025-02-18 23:10:33,862 Validation success.
